2022-07-23 18:57:03,521 [INFO] Activator:177 - 


2022-07-23 18:57:03,524 [INFO] Activator:178 - !SESSION log4j initialized
2022-07-23 18:57:14,980 [INFO] McuFinderGlobals:39 - Set McuFinder mode to 2 (CubeIDE integrated)
2022-07-23 18:57:15,803 [INFO] ApplicationProperties:181 - Using Application install path: C:\ST\STM32CubeIDE_1.9.0\STM32CubeIDE\plugins\com.st.stm32cube.common.mx_6.5.0.202202251913
2022-07-23 18:57:15,837 [INFO] DbMcusXml:72 - Set database path to: C:\ST\STM32CubeIDE_1.9.0\STM32CubeIDE\plugins\com.st.stm32cube.common.mx_6.5.0.202202251913\\db\/mcu/
2022-07-23 18:57:15,839 [INFO] ApiDb:260 - Set plugin database path to: C:\ST\STM32CubeIDE_1.9.0\STM32CubeIDE\plugins\com.st.stm32cube.common.mx_6.5.0.202202251913\\db\/plugins/boardmanager/
2022-07-23 18:57:15,843 [WARN] ApiDb:245 - Overriding images path with different value:  => C:\ST\STM32CubeIDE_1.9.0\STM32CubeIDE\plugins\com.st.stm32cube.common.mx_6.5.0.202202251913\\db\/plugins/mcufinder/images/
2022-07-23 18:57:15,873 [INFO] ApiDb:226 - Set database path to: C:\Users\MY COMPUTER\.stmcufinder\plugins\mcufinder//mcu/
2022-07-23 18:57:15,876 [INFO] DbMcusAds:119 - Set database path to: C:\Users\MY COMPUTER\.stmcufinder\plugins\mcufinder//mcu/
2022-07-23 18:57:16,470 [INFO] CrossReferenceDbSqlite:196 - Set database path to: C:\Users\MY COMPUTER\.stmcufinder\plugins\mcufinder//mcu/cs/
2022-07-23 18:57:16,655 [INFO] RulesReader:57 - Compatibility file has been processed (281 Rules)
2022-07-23 18:57:16,806 [INFO] DbMcusXml:72 - Set database path to: C:\ST\STM32CubeIDE_1.9.0\STM32CubeIDE\plugins\com.st.stm32cube.common.mx_6.5.0.202202251913\\db\/mcu/
2022-07-23 18:57:16,806 [INFO] ApiDb:260 - Set plugin database path to: C:\ST\STM32CubeIDE_1.9.0\STM32CubeIDE\plugins\com.st.stm32cube.common.mx_6.5.0.202202251913\\db\/plugins/boardmanager/
2022-07-23 18:57:16,807 [INFO] ApiDb:247 - Set plugin images path to: C:\ST\STM32CubeIDE_1.9.0\STM32CubeIDE\plugins\com.st.stm32cube.common.mx_6.5.0.202202251913\\db\/plugins/mcufinder/images/
2022-07-23 18:57:16,808 [WARN] DbFile:35 - Overriding database path with different value: C:\Users\MY COMPUTER\.stmcufinder\plugins\mcufinder/ => C:\Users\MY COMPUTER\.stmcufinder\plugins\mcufinder
2022-07-23 18:57:16,808 [INFO] ApiDb:226 - Set database path to: C:\Users\MY COMPUTER\.stmcufinder\plugins\mcufinder//mcu/
2022-07-23 18:57:16,809 [WARN] DbFile:35 - Overriding database path with different value: C:\Users\MY COMPUTER\.stmcufinder\plugins\mcufinder/ => C:\Users\MY COMPUTER\.stmcufinder\plugins\mcufinder
2022-07-23 18:57:16,809 [INFO] DbMcusAds:119 - Set database path to: C:\Users\MY COMPUTER\.stmcufinder\plugins\mcufinder//mcu/
2022-07-23 18:57:16,810 [WARN] DbFile:35 - Overriding database path with different value: C:\Users\MY COMPUTER\.stmcufinder\plugins\mcufinder/ => C:\Users\MY COMPUTER\.stmcufinder\plugins\mcufinder
2022-07-23 18:57:16,811 [WARN] DbFile:35 - Overriding database path with different value: C:\Users\MY COMPUTER\.stmcufinder\plugins\mcufinder/ => C:\Users\MY COMPUTER\.stmcufinder\plugins\mcufinder
2022-07-23 18:57:17,480 [INFO] CrossReferenceDbSqlite:196 - Set database path to: C:\Users\MY COMPUTER\.stmcufinder\plugins\mcufinder//mcu/cs/
2022-07-23 18:57:17,639 [INFO] MainPanel:230 - HeapMemory: 268435456
2022-07-23 18:57:17,823 [INFO] DbMcusXml:72 - Set database path to: C:\ST\STM32CubeIDE_1.9.0\STM32CubeIDE\plugins\com.st.stm32cube.common.mx_6.5.0.202202251913\\db\/mcu/
2022-07-23 18:57:17,824 [INFO] ApiDb:260 - Set plugin database path to: C:\ST\STM32CubeIDE_1.9.0\STM32CubeIDE\plugins\com.st.stm32cube.common.mx_6.5.0.202202251913\\db\/plugins/boardmanager/
2022-07-23 18:57:17,824 [INFO] ApiDb:247 - Set plugin images path to: C:\ST\STM32CubeIDE_1.9.0\STM32CubeIDE\plugins\com.st.stm32cube.common.mx_6.5.0.202202251913\\db\/plugins/mcufinder/images/
2022-07-23 18:57:17,825 [WARN] DbFile:35 - Overriding database path with different value: C:\Users\MY COMPUTER\.stmcufinder\plugins\mcufinder/ => C:\Users\MY COMPUTER\.stmcufinder\plugins\mcufinder
2022-07-23 18:57:17,826 [INFO] ApiDb:226 - Set database path to: C:\Users\MY COMPUTER\.stmcufinder\plugins\mcufinder//mcu/
2022-07-23 18:57:17,826 [WARN] DbFile:35 - Overriding database path with different value: C:\Users\MY COMPUTER\.stmcufinder\plugins\mcufinder/ => C:\Users\MY COMPUTER\.stmcufinder\plugins\mcufinder
2022-07-23 18:57:17,827 [INFO] DbMcusAds:119 - Set database path to: C:\Users\MY COMPUTER\.stmcufinder\plugins\mcufinder//mcu/
2022-07-23 18:57:17,827 [WARN] DbFile:35 - Overriding database path with different value: C:\Users\MY COMPUTER\.stmcufinder\plugins\mcufinder/ => C:\Users\MY COMPUTER\.stmcufinder\plugins\mcufinder
2022-07-23 18:57:17,828 [WARN] DbFile:35 - Overriding database path with different value: C:\Users\MY COMPUTER\.stmcufinder\plugins\mcufinder/ => C:\Users\MY COMPUTER\.stmcufinder\plugins\mcufinder
2022-07-23 18:57:18,482 [INFO] CrossReferenceDbSqlite:196 - Set database path to: C:\Users\MY COMPUTER\.stmcufinder\plugins\mcufinder//mcu/cs/
2022-07-23 18:57:18,532 [INFO] ApplicationProperties:181 - Using Application install path: C:\ST\STM32CubeIDE_1.9.0\STM32CubeIDE\plugins\com.st.stm32cube.common.mx_6.5.0.202202251913
2022-07-23 18:57:18,534 [INFO] PluginManage:188 - Search for loadable plugins [exclusion list=, ]
2022-07-23 18:57:18,537 [INFO] PluginManage:302 - Check plugin analytics
2022-07-23 18:57:19,581 [INFO] AnalyticsPlugin:257 - Accepted Software Licenses: 
2022-07-23 18:57:19,582 [INFO] AnalyticsPlugin:259 - Accepted CMSIS Pack Licenses: 
2022-07-23 18:57:19,582 [INFO] AnalyticsPlugin:261 - Accepted Firmware Licenses: 
2022-07-23 18:57:19,596 [INFO] PluginManage:352 - Loaded plugin analytics (category:tool,tabindex:-1)
2022-07-23 18:57:19,597 [INFO] PluginManage:302 - Check plugin clock
2022-07-23 18:57:19,631 [INFO] PluginManage:352 - Loaded plugin clock (category:base,tabindex:2)
2022-07-23 18:57:19,631 [INFO] PluginManage:302 - Check plugin ddr
2022-07-23 18:57:19,636 [INFO] PluginManage:352 - Loaded plugin ddr (category:tool,tabindex:6)
2022-07-23 18:57:19,637 [INFO] PluginManage:302 - Check plugin filemanager
2022-07-23 18:57:19,906 [INFO] PluginManage:352 - Loaded plugin filemanager (category:base,tabindex:10)
2022-07-23 18:57:19,907 [INFO] PluginManage:302 - Check plugin ipmanager
2022-07-23 18:57:19,919 [INFO] PluginManage:352 - Loaded plugin ipmanager (category:base,tabindex:5)
2022-07-23 18:57:19,920 [INFO] PluginManage:302 - Check plugin lpbam
2022-07-23 18:57:19,949 [INFO] PluginManage:352 - Loaded plugin lpbam (category:base,tabindex:0)
2022-07-23 18:57:19,950 [INFO] PluginManage:302 - Check plugin pinoutandconfiguration
2022-07-23 18:57:20,006 [INFO] PluginManage:352 - Loaded plugin pinoutandconfiguration (category:base,tabindex:1)
2022-07-23 18:57:20,006 [INFO] PluginManage:302 - Check plugin pinoutconfig
2022-07-23 18:57:20,151 [INFO] PluginManage:352 - Loaded plugin pinoutconfig (category:base,tabindex:0)
2022-07-23 18:57:20,152 [INFO] PluginManage:302 - Check plugin power
2022-07-23 18:57:20,205 [INFO] PluginManage:352 - Loaded plugin power (category:power,tabindex:4)
2022-07-23 18:57:20,205 [INFO] PluginManage:302 - Check plugin projectmanager
2022-07-23 18:57:20,253 [INFO] PluginManage:352 - Loaded plugin projectmanager (category:projectmanager,tabindex:3)
2022-07-23 18:57:20,254 [INFO] PluginManage:302 - Check plugin thirdparty
2022-07-23 18:57:20,587 [INFO] PluginManage:352 - Loaded plugin thirdparty (category:base,tabindex:-1)
2022-07-23 18:57:20,588 [INFO] PluginManage:302 - Check plugin tools
2022-07-23 18:57:20,588 [WARN] IntegrityCheckThread:78 - waiting for thirdparty lock release [integrity check]
2022-07-23 18:57:20,589 [INFO] IntegrityCheckThread:80 - entering critical section [integrity check]
2022-07-23 18:57:20,602 [INFO] ThirdPartyUpdaterWithRetryManager:66 - Updater plugin not ready yet. [1/15]
2022-07-23 18:57:20,650 [INFO] PluginManage:352 - Loaded plugin tools (category:base,tabindex:7)
2022-07-23 18:57:20,650 [INFO] PluginManage:302 - Check plugin tutovideos
2022-07-23 18:57:20,948 [INFO] PluginManage:352 - Loaded plugin tutovideos (category:base,tabindex:-1)
2022-07-23 18:57:20,950 [INFO] PluginManage:302 - Check plugin updater
2022-07-23 18:57:20,984 [INFO] PluginManage:352 - Loaded plugin updater (category:base,tabindex:12)
2022-07-23 18:57:20,985 [INFO] PluginManage:275 - PluginManage : Loaded plugins [14]
2022-07-23 18:57:21,466 [INFO] PinOutPanel:1465 - setPackage(No Configuration,No Configuration)
2022-07-23 18:57:21,662 [INFO] IPUIPlugin:75 - create IPUIPlugin
2022-07-23 18:57:21,662 [INFO] PluginManager:213 - loadIPPluginJar : add adc
2022-07-23 18:57:21,717 [INFO] IPUIPlugin:75 - create IPUIPlugin
2022-07-23 18:57:21,717 [INFO] PluginManager:213 - loadIPPluginJar : add aes
2022-07-23 18:57:21,772 [INFO] IPUIPlugin:75 - create IPUIPlugin
2022-07-23 18:57:21,772 [INFO] PluginManager:213 - loadIPPluginJar : add can
2022-07-23 18:57:21,803 [INFO] IPUIPlugin:75 - create IPUIPlugin
2022-07-23 18:57:21,803 [INFO] PluginManager:213 - loadIPPluginJar : add comp
2022-07-23 18:57:21,838 [INFO] IPUIPlugin:75 - create IPUIPlugin
2022-07-23 18:57:21,839 [INFO] PluginManager:213 - loadIPPluginJar : add cryp
2022-07-23 18:57:21,872 [INFO] IPUIPlugin:75 - create IPUIPlugin
2022-07-23 18:57:21,872 [INFO] PluginManager:213 - loadIPPluginJar : add dfsdm
2022-07-23 18:57:21,894 [INFO] IPUIPlugin:75 - create IPUIPlugin
2022-07-23 18:57:21,895 [INFO] PluginManager:213 - loadIPPluginJar : add dma
2022-07-23 18:57:21,948 [INFO] IPUIPlugin:75 - create IPUIPlugin
2022-07-23 18:57:21,948 [INFO] PluginManager:213 - loadIPPluginJar : add dma3
2022-07-23 18:57:21,969 [INFO] IPUIPlugin:75 - create IPUIPlugin
2022-07-23 18:57:21,970 [INFO] PluginManager:213 - loadIPPluginJar : add fatfs
2022-07-23 18:57:22,029 [INFO] IPUIPlugin:75 - create IPUIPlugin
2022-07-23 18:57:22,030 [INFO] PluginManager:213 - loadIPPluginJar : add fmc
2022-07-23 18:57:22,049 [INFO] IPUIPlugin:75 - create IPUIPlugin
2022-07-23 18:57:22,049 [INFO] PluginManager:213 - loadIPPluginJar : add freertos
2022-07-23 18:57:22,068 [INFO] IPUIPlugin:75 - create IPUIPlugin
2022-07-23 18:57:22,068 [INFO] PluginManager:213 - loadIPPluginJar : add genericplugin
2022-07-23 18:57:22,153 [INFO] IPUIPlugin:75 - create IPUIPlugin
2022-07-23 18:57:22,154 [INFO] PluginManager:213 - loadIPPluginJar : add gfxmmu
2022-07-23 18:57:22,286 [INFO] IPUIPlugin:75 - create IPUIPlugin
2022-07-23 18:57:22,287 [INFO] PluginManager:213 - loadIPPluginJar : add gic
2022-07-23 18:57:22,301 [INFO] IPUIPlugin:75 - create IPUIPlugin
2022-07-23 18:57:22,301 [INFO] PluginManager:213 - loadIPPluginJar : add gpio
2022-07-23 18:57:22,385 [INFO] IPUIPlugin:75 - create IPUIPlugin
2022-07-23 18:57:22,385 [INFO] PluginManager:213 - loadIPPluginJar : add gtzc
2022-07-23 18:57:22,414 [INFO] IPUIPlugin:75 - create IPUIPlugin
2022-07-23 18:57:22,414 [INFO] PluginManager:213 - loadIPPluginJar : add hash
2022-07-23 18:57:22,469 [INFO] IPUIPlugin:75 - create IPUIPlugin
2022-07-23 18:57:22,470 [INFO] PluginManager:213 - loadIPPluginJar : add i2c
2022-07-23 18:57:22,514 [INFO] IPUIPlugin:75 - create IPUIPlugin
2022-07-23 18:57:22,514 [INFO] PluginManager:213 - loadIPPluginJar : add i2s
2022-07-23 18:57:22,529 [INFO] IPUIPlugin:75 - create IPUIPlugin
2022-07-23 18:57:22,529 [INFO] PluginManager:213 - loadIPPluginJar : add ipddr
2022-07-23 18:57:22,626 [INFO] IPUIPlugin:75 - create IPUIPlugin
2022-07-23 18:57:22,626 [INFO] PluginManager:213 - loadIPPluginJar : add linkedlist
2022-07-23 18:57:22,661 [INFO] IPUIPlugin:75 - create IPUIPlugin
2022-07-23 18:57:22,662 [INFO] PluginManager:213 - loadIPPluginJar : add lorawan
2022-07-23 18:57:22,697 [INFO] IPUIPlugin:75 - create IPUIPlugin
2022-07-23 18:57:22,697 [INFO] PluginManager:213 - loadIPPluginJar : add ltdc
2022-07-23 18:57:22,717 [INFO] IPUIPlugin:75 - create IPUIPlugin
2022-07-23 18:57:22,717 [INFO] PluginManager:213 - loadIPPluginJar : add mdma
2022-07-23 18:57:22,732 [INFO] IPUIPlugin:75 - create IPUIPlugin
2022-07-23 18:57:22,733 [INFO] PluginManager:213 - loadIPPluginJar : add nvic
2022-07-23 18:57:22,766 [INFO] IPUIPlugin:75 - create IPUIPlugin
2022-07-23 18:57:22,766 [INFO] PluginManager:213 - loadIPPluginJar : add opamp
2022-07-23 18:57:22,824 [INFO] IPUIPlugin:75 - create IPUIPlugin
2022-07-23 18:57:22,825 [INFO] PluginManager:213 - loadIPPluginJar : add openamp
2022-07-23 18:57:22,866 [INFO] IPUIPlugin:75 - create IPUIPlugin
2022-07-23 18:57:22,867 [INFO] PluginManager:213 - loadIPPluginJar : add pdm2pcm
2022-07-23 18:57:22,885 [INFO] IPUIPlugin:75 - create IPUIPlugin
2022-07-23 18:57:22,888 [INFO] PluginManager:213 - loadIPPluginJar : add plateformsettings
2022-07-23 18:57:22,908 [INFO] IPUIPlugin:75 - create IPUIPlugin
2022-07-23 18:57:22,909 [INFO] PluginManager:213 - loadIPPluginJar : add quadspi
2022-07-23 18:57:22,922 [INFO] IPUIPlugin:75 - create IPUIPlugin
2022-07-23 18:57:22,922 [INFO] PluginManager:213 - loadIPPluginJar : add resmgrutility
2022-07-23 18:57:22,971 [INFO] IPUIPlugin:75 - create IPUIPlugin
2022-07-23 18:57:22,972 [INFO] PluginManager:213 - loadIPPluginJar : add sai
2022-07-23 18:57:23,011 [INFO] IPUIPlugin:75 - create IPUIPlugin
2022-07-23 18:57:23,012 [INFO] PluginManager:213 - loadIPPluginJar : add spi
2022-07-23 18:57:23,065 [INFO] IPUIPlugin:75 - create IPUIPlugin
2022-07-23 18:57:23,065 [INFO] PluginManager:213 - loadIPPluginJar : add stm32_wpan
2022-07-23 18:57:23,089 [INFO] IPUIPlugin:75 - create IPUIPlugin
2022-07-23 18:57:23,090 [INFO] PluginManager:213 - loadIPPluginJar : add tim
2022-07-23 18:57:23,148 [INFO] IPUIPlugin:75 - create IPUIPlugin
2022-07-23 18:57:23,148 [INFO] PluginManager:213 - loadIPPluginJar : add touchsensing
2022-07-23 18:57:23,170 [INFO] IPUIPlugin:75 - create IPUIPlugin
2022-07-23 18:57:23,170 [INFO] PluginManager:213 - loadIPPluginJar : add tracer_emb
2022-07-23 18:57:23,193 [INFO] IPUIPlugin:75 - create IPUIPlugin
2022-07-23 18:57:23,193 [INFO] PluginManager:213 - loadIPPluginJar : add ts
2022-07-23 18:57:23,212 [INFO] IPUIPlugin:75 - create IPUIPlugin
2022-07-23 18:57:23,212 [INFO] PluginManager:213 - loadIPPluginJar : add tsc
2022-07-23 18:57:23,232 [INFO] IPUIPlugin:75 - create IPUIPlugin
2022-07-23 18:57:23,233 [INFO] PluginManager:213 - loadIPPluginJar : add ucpd
2022-07-23 18:57:23,277 [INFO] IPUIPlugin:75 - create IPUIPlugin
2022-07-23 18:57:23,277 [INFO] PluginManager:213 - loadIPPluginJar : add usart
2022-07-23 18:57:23,318 [INFO] IPUIPlugin:75 - create IPUIPlugin
2022-07-23 18:57:23,319 [INFO] PluginManager:213 - loadIPPluginJar : add usbx
2022-07-23 18:57:23,613 [INFO] ThirdPartyUpdaterWithRetryManager:66 - Updater plugin not ready yet. [2/15]
2022-07-23 18:57:23,754 [FATAL] Updater:297 - Updater called before beeing initialized
2022-07-23 18:57:23,943 [FATAL] Updater:297 - Updater called before beeing initialized
2022-07-23 18:57:23,956 [INFO] DbMcusAds:47 - JSON generation date=Thu Sep 30 13:55:09 ICT 2021 (1632984909377)
2022-07-23 18:57:23,956 [FATAL] Updater:297 - Updater called before beeing initialized
2022-07-23 18:57:24,067 [WARN] DetailPanel:320 - Failed to get advertising image, set to default
2022-07-23 18:57:24,217 [FATAL] Updater:297 - Updater called before beeing initialized
2022-07-23 18:57:24,219 [FATAL] Updater:297 - Updater called before beeing initialized
2022-07-23 18:57:24,220 [FATAL] Updater:297 - Updater called before beeing initialized
2022-07-23 18:57:24,220 [WARN] DetailPanel:320 - Failed to get advertising image, set to default
2022-07-23 18:57:24,221 [FATAL] Updater:297 - Updater called before beeing initialized
2022-07-23 18:57:24,307 [INFO] Updater:1026 - Updater Version found : 6.5.0
2022-07-23 18:57:24,329 [INFO] ApplicationProperties:181 - Using Application install path: C:\ST\STM32CubeIDE_1.9.0\STM32CubeIDE\plugins\com.st.stm32cube.common.mx_6.5.0.202202251913
2022-07-23 18:57:25,711 [INFO] MainUpdater:2729 - connection check result : 10
2022-07-23 18:57:25,713 [INFO] MainUpdater:276 - Updater Check For Update Now.
2022-07-23 18:57:25,714 [INFO] MicroXplorer:477 - Change Database Version : DB.6.0.50
2022-07-23 18:57:26,002 [INFO] CheckServerUpdateThread:115 - End of CheckServer Thread
2022-07-23 18:57:26,179 [INFO] MainUpdater:2729 - connection check result : 10
2022-07-23 18:57:26,994 [INFO] McuFinderGlobals:52 - Set McuFinderConnectedMode to true
2022-07-23 18:57:27,056 [INFO] MultiScanPanel:195 - Auto-refresh data requested => check proxy status ongoing
2022-07-23 18:57:27,062 [INFO] FinderPluginLoader:87 - Searching for filters in installed packs
2022-07-23 18:57:27,319 [WARN] PackLoader:238 - Cannot read IP mode file for wolfSSL.I-CUBE-wolfSSL.5.2.0
2022-07-23 18:57:27,358 [WARN] PackLoader:238 - Cannot read IP mode file for STMicroelectronics.X-CUBE-GNSS1.6.0.0
2022-07-23 18:57:27,384 [INFO] ApiDb:567 - Connected to CubeFinder SQLite database (C:\Users\MY COMPUTER\.stmcufinder\plugins\mcufinder\mcu\cube-finder-db.db)
2022-07-23 18:57:27,481 [INFO] ApiDb:654 - CubeFinder database Data Model version=2.1
2022-07-23 18:57:27,481 [INFO] ApiDb:655 - CubeFinder database Configuration version=3.0.32
2022-07-23 18:57:27,482 [INFO] ApiDb:656 - CubeFinder database generation date=2022-07-13 (1657716335)
2022-07-23 18:57:27,482 [INFO] ApiDb:657 - CubeFinder database FW Pack versions=[STM32Cube_FW_C0_V1.0.0, STM32Cube_FW_F4_V1.27.1, STM32Cube_FW_F7_V1.17.0, STM32Cube_FW_G0_V1.6.1, STM32Cube_FW_G4_V1.5.0, STM32Cube_FW_H7_V1.10.0, STM32Cube_FW_L5_V1.4.0, STM32Cube_FW_U5_V1.1.1, STM32Cube_FW_WB_V1.14.0, STM32Cube_FW_WL_V1.2.0, X-CUBE-ALGOBUILD_V1.3.0, X-CUBE-ALS_V1.0.1, X-CUBE-AZRTOS-F4_V1.0.0, X-CUBE-AZRTOS-F7_V1.1.0, X-CUBE-AZRTOS-G0_V1.1.0, X-CUBE-AZRTOS-G4_V1.0.0, X-CUBE-AZRTOS-H7_V2.1.0, X-CUBE-AZRTOS-L4_V1.0.0, X-CUBE-AZRTOS-L5_V1.0.0, X-CUBE-AZRTOS-WL_V1.0.0, X-CUBE-BLE1_V6.2.3, X-CUBE-BLE2_V3.3.0, X-CUBE-EEPRMA1_V3.1.1, X-CUBE-GNSS1_V6.0.0, X-CUBE-MEMS1_V9.1.0, X-CUBE-NFC4_V2.0.3, X-CUBE-NFC7_V1.0.0, X-CUBE-SFXS2LP1_V3.1.0, X-CUBE-SUBG2_V5.0.0]
2022-07-23 18:57:27,566 [WARN] PackLoader:238 - Cannot read IP mode file for STMicroelectronics.X-CUBE-MEMS1.9.2.0
2022-07-23 18:57:28,043 [WARN] PackLoader:238 - Cannot read IP mode file for STMicroelectronics.X-CUBE-AZRTOS-F7.1.1.0
2022-07-23 18:57:28,064 [WARN] PackLoader:238 - Cannot read IP mode file for STMicroelectronics.X-CUBE-AI.7.1.0
2022-07-23 18:57:28,083 [WARN] PackLoader:238 - Cannot read IP mode file for STMicroelectronics.X-CUBE-TOUCHGFX.4.19.1
2022-07-23 18:57:28,100 [WARN] PackLoader:238 - Cannot read IP mode file for STMicroelectronics.X-CUBE-BLE1.6.2.3
2022-07-23 18:57:28,140 [WARN] PackLoader:238 - Cannot read IP mode file for STMicroelectronics.X-CUBE-BLE1.6.2.2
2022-07-23 18:57:28,159 [WARN] PackLoader:238 - Cannot read IP mode file for STMicroelectronics.X-CUBE-NFC4.2.0.4
2022-07-23 18:57:28,178 [WARN] PackLoader:238 - Cannot read IP mode file for STMicroelectronics.X-CUBE-BLE2.3.2.2
2022-07-23 18:57:28,199 [WARN] PackLoader:238 - Cannot read IP mode file for STMicroelectronics.X-CUBE-NFC4.2.0.3
2022-07-23 18:57:28,218 [WARN] PackLoader:238 - Cannot read IP mode file for STMicroelectronics.X-CUBE-TOUCHGFX.4.19.0
2022-07-23 18:57:28,259 [WARN] PackLoader:238 - Cannot read IP mode file for STMicroelectronics.X-CUBE-TOF1.3.1.0
2022-07-23 18:57:28,314 [WARN] PackLoader:238 - Cannot read IP mode file for STMicroelectronics.X-CUBE-SFXS2LP1.3.1.0
2022-07-23 18:57:28,384 [WARN] PackLoader:238 - Cannot read IP mode file for STMicroelectronics.X-CUBE-AZRTOS-F4.1.0.0
2022-07-23 18:57:28,406 [WARN] PackLoader:238 - Cannot read IP mode file for STMicroelectronics.X-CUBE-NFC7.1.0.0
2022-07-23 18:57:28,439 [WARN] PackLoader:238 - Cannot read IP mode file for STMicroelectronics.X-CUBE-SUBG2.4.2.0
2022-07-23 18:57:28,461 [WARN] PackLoader:238 - Cannot read IP mode file for STMicroelectronics.X-CUBE-AI.7.2.0
2022-07-23 18:57:28,502 [WARN] PackLoader:238 - Cannot read IP mode file for STMicroelectronics.X-CUBE-AZRTOS-G0.1.0.0
2022-07-23 18:57:28,529 [WARN] PackLoader:238 - Cannot read IP mode file for STMicroelectronics.X-CUBE-SFXS2LP1.4.0.0
2022-07-23 18:57:28,547 [WARN] PackLoader:238 - Cannot read IP mode file for STMicroelectronics.X-CUBE-BLE2.3.3.0
2022-07-23 18:57:28,604 [WARN] PackLoader:238 - Cannot read IP mode file for STMicroelectronics.X-CUBE-DISPLAY.2.2.0
2022-07-23 18:57:28,624 [WARN] PackLoader:238 - Cannot read IP mode file for STMicroelectronics.X-CUBE-TOUCHGFX.4.18.1
2022-07-23 18:57:28,648 [WARN] PackLoader:238 - Cannot read IP mode file for RoweBots.I-CUBE-UNISONRTOS.5.5.0-4
2022-07-23 18:57:28,696 [WARN] PackLoader:238 - Cannot read IP mode file for STMicroelectronics.X-CUBE-AZRTOS-H7.2.1.0
2022-07-23 18:57:28,722 [WARN] PackLoader:238 - Cannot read IP mode file for STMicroelectronics.X-CUBE-BLEMGR.1.0.0
2022-07-23 18:57:28,746 [WARN] PackLoader:238 - Cannot read IP mode file for STMicroelectronics.X-CUBE-ALGOBUILD.1.3.0
2022-07-23 18:57:28,785 [WARN] PackLoader:238 - Cannot read IP mode file for STMicroelectronics.X-CUBE-AZRTOS-G0.1.1.0
2022-07-23 18:57:28,856 [WARN] PackLoader:238 - Cannot read IP mode file for STMicroelectronics.X-CUBE-SUBG2.5.0.0
2022-07-23 18:57:28,942 [WARN] PackLoader:238 - Cannot read IP mode file for SEGGER.I-CUBE-embOS.1.2.0
2022-07-23 18:57:29,054 [WARN] PackLoader:238 - Cannot read IP mode file for STMicroelectronics.X-CUBE-DISPLAY.2.1.0
2022-07-23 18:57:29,070 [WARN] PackLoader:238 - Cannot read IP mode file for STMicroelectronics.FP-ATR-ASTRA1.1.1.0
2022-07-23 18:57:29,115 [WARN] PackLoader:238 - Cannot read IP mode file for STMicroelectronics.X-CUBE-AZRTOS-H7.2.0.0
2022-07-23 18:57:29,154 [WARN] PackLoader:238 - Cannot read IP mode file for STMicroelectronics.X-CUBE-AZRTOS-G4.1.0.0
2022-07-23 18:57:29,253 [WARN] PackLoader:238 - Cannot read IP mode file for STMicroelectronics.X-CUBE-AZRTOS-L4.1.0.0
2022-07-23 18:57:29,280 [WARN] PackLoader:238 - Cannot read IP mode file for emotas.I-CUBE-CANOPEN.1.1.2
2022-07-23 18:57:29,294 [WARN] PackLoader:238 - Cannot read IP mode file for STMicroelectronics.X-CUBE-TOUCHGFX.4.20.0
2022-07-23 18:57:29,337 [WARN] PackLoader:238 - Cannot read IP mode file for STMicroelectronics.X-CUBE-AZRTOS-F7.1.0.0
2022-07-23 18:57:29,372 [WARN] PackLoader:238 - Cannot read IP mode file for STMicroelectronics.X-CUBE-AZRTOS-WL.1.0.0
2022-07-23 18:57:29,466 [WARN] PackLoader:238 - Cannot read IP mode file for STMicroelectronics.X-CUBE-MEMS1.9.1.0
2022-07-23 18:57:29,742 [WARN] PackLoader:238 - Cannot read IP mode file for portGmbH.I-Cube-SoM-uGOAL.1.1.0
2022-07-23 18:57:29,761 [WARN] PackLoader:238 - Cannot read IP mode file for STMicroelectronics.X-CUBE-ALS.1.0.1
2022-07-23 18:57:29,804 [WARN] PackLoader:238 - Cannot read IP mode file for STMicroelectronics.X-CUBE-AZRTOS-L5.1.0.0
2022-07-23 18:57:29,828 [WARN] PackLoader:238 - Cannot read IP mode file for STMicroelectronics.X-CUBE-EEPRMA1.3.1.1
2022-07-23 18:57:29,848 [WARN] PackLoader:238 - Cannot read IP mode file for STMicroelectronics.X-CUBE-GNSS1.5.2.0
2022-07-23 18:57:29,868 [WARN] PackLoader:238 - Cannot read IP mode file for STMicroelectronics.X-CUBE-DISPLAY.2.0.1
2022-07-23 18:57:29,891 [WARN] PackLoader:238 - Cannot read IP mode file for STMicroelectronics.X-CUBE-TOF1.3.0.0
2022-07-23 18:57:29,894 [INFO] ThirdParty:925 - Integrity check success = true
2022-07-23 18:57:29,894 [INFO] IntegrityCheckThread:94 - exiting critical section [integrity check]
2022-07-23 18:57:29,894 [INFO] IntegrityCheckThread:97 - End integrity checks thread
2022-07-23 18:57:32,705 [INFO] ApiDb:212 - Found 97 in-development CPN: [NUCLEO-C031C6, STM32C0116-DK, STM32C011D6Y3TR, STM32C011D6Y6TR, STM32C011F4P3, STM32C011F4P6, STM32C011F4U3, STM32C011F4U6TR, STM32C011F6P3, STM32C011F6P6, STM32C011F6U3, STM32C011F6U6TR, STM32C011J4M3, STM32C011J4M6, STM32C011J6M3, STM32C011J6M6, STM32C0316-DK, STM32C031C4T3, STM32C031C4T6, STM32C031C4U3, STM32C031C4U6, STM32C031C6T3, STM32C031C6T6, STM32C031C6U3, STM32C031C6U6, STM32C031F4P3, STM32C031F4P6, STM32C031F6P3, STM32C031F6P6, STM32C031G4U3, STM32C031G4U6, STM32C031G6U3, STM32C031G6U6, STM32C031K4T3, STM32C031K4T6, STM32C031K4U3, STM32C031K4U6, STM32C031K6T3, STM32C031K6T6, STM32C031K6U3, STM32C031K6U6, STM32G071K8TXN, STM32G071K8UXN, STM32G081GBU6N, STM32G081KBT6N, STM32G081KBUXN, STM32G0B1CCT6N, STM32G0B1KCT6, STM32G0B1NEY6, STM32G0B1NEY6TR, STM32G0B1RCT6N, STM32G0C1CCT6, STM32G0C1CCT6N, STM32G0C1CCU6N, STM32G0C1CET6N, STM32G0C1CEU6N, STM32G0C1KCT6, STM32G0C1NEY6TR, STM32G0C1RCI6N, STM32G0C1RCT6N, STM32G0C1REI6N, STM32G0C1RET6N, STM32G0C1VCI6, STM32G0C1VEI6, STM32G471CCT6, STM32G471CCU6, STM32G471CET3, STM32G471CET6, STM32G471CEU3, STM32G471CEU6, STM32G471MCT6, STM32G471MET3, STM32G471MET6, STM32G471MEY6TR, STM32G471QCT6, STM32G471QET3, STM32G471RCT6, STM32G471RET3, STM32G471RET6, STM32G471VCH6, STM32G471VCI6, STM32G471VCT6, STM32G471VEH3, STM32G471VEH6, STM32G471VEI3, STM32G471VEI6, STM32G471VET3, STM32G471VET6, STM32G474CCT6, STM32L4R5QGI6STR, STM32U595ZJT6Q, STM32U599BJY6QTR, STM32U599NIH6Q, STM32U599NJH6Q, STM32U5A5ZJT6Q, STM32U5A9BJY6QTR, STM32U5A9NJH6Q]
2022-07-23 18:57:32,712 [INFO] DbMcus:201 - Found 3505 MCUs, 3505 are supported
2022-07-23 18:57:32,717 [INFO] ApiDb:407 - Load user favorites file C:\Users\MY COMPUTER/.stm32cubeide/favorites.mcus.txt: 0 item(s)
2022-07-23 18:57:32,718 [INFO] ApiDb:411 - User favorites MCUs=[]
2022-07-23 18:57:32,720 [INFO] DbMcus:207 - Set 0 / 0 favorites MCUs
2022-07-23 18:57:35,976 [INFO] LoadUrlFilesThread:173 - End of LoadServerUrlFiles without Thread
2022-07-23 18:57:36,010 [INFO] DetailPanel:315 - Set advertising image to C:/Users/MY COMPUTER/STM32Cube/Repository/\en.Prom_NBSTM32U50921.jpg
2022-07-23 18:57:37,645 [INFO] MultiScanPanel:787 - Auto Refresh Data is not needed
2022-07-23 18:57:37,668 [INFO] ApiDb:654 - CubeFinder database Data Model version=2.1
2022-07-23 18:57:37,668 [INFO] ApiDb:655 - CubeFinder database Configuration version=3.0.32
2022-07-23 18:57:37,668 [INFO] ApiDb:656 - CubeFinder database generation date=2022-07-13 (1657716335)
2022-07-23 18:57:37,668 [INFO] ApiDb:657 - CubeFinder database FW Pack versions=[STM32Cube_FW_C0_V1.0.0, STM32Cube_FW_F4_V1.27.1, STM32Cube_FW_F7_V1.17.0, STM32Cube_FW_G0_V1.6.1, STM32Cube_FW_G4_V1.5.0, STM32Cube_FW_H7_V1.10.0, STM32Cube_FW_L5_V1.4.0, STM32Cube_FW_U5_V1.1.1, STM32Cube_FW_WB_V1.14.0, STM32Cube_FW_WL_V1.2.0, X-CUBE-ALGOBUILD_V1.3.0, X-CUBE-ALS_V1.0.1, X-CUBE-AZRTOS-F4_V1.0.0, X-CUBE-AZRTOS-F7_V1.1.0, X-CUBE-AZRTOS-G0_V1.1.0, X-CUBE-AZRTOS-G4_V1.0.0, X-CUBE-AZRTOS-H7_V2.1.0, X-CUBE-AZRTOS-L4_V1.0.0, X-CUBE-AZRTOS-L5_V1.0.0, X-CUBE-AZRTOS-WL_V1.0.0, X-CUBE-BLE1_V6.2.3, X-CUBE-BLE2_V3.3.0, X-CUBE-EEPRMA1_V3.1.1, X-CUBE-GNSS1_V6.0.0, X-CUBE-MEMS1_V9.1.0, X-CUBE-NFC4_V2.0.3, X-CUBE-NFC7_V1.0.0, X-CUBE-SFXS2LP1_V3.1.0, X-CUBE-SUBG2_V5.0.0]
2022-07-23 18:57:37,899 [INFO] DbBoardsSqlite:220 - include board P-NUCLEO-WB55-NUCLEO as a kit item of type 'Nucleo-64'
2022-07-23 18:57:37,900 [INFO] DbBoardsSqlite:220 - include board P-NUCLEO-WB55-USBDONGLE as a kit item of type 'Nucleo USB Dongle'
2022-07-23 18:57:37,901 [INFO] DbBoardsSqlite:220 - include board STEVAL-IDP005V1 as a kit item of type 'Evaluation Board'
2022-07-23 18:57:37,901 [INFO] DbBoardsSqlite:220 - include board STEVAL-IDP005V2 as a kit item of type 'Evaluation Board'
2022-07-23 18:57:37,923 [INFO] ApiDb:212 - Found 97 in-development CPN: [NUCLEO-C031C6, STM32C0116-DK, STM32C011D6Y3TR, STM32C011D6Y6TR, STM32C011F4P3, STM32C011F4P6, STM32C011F4U3, STM32C011F4U6TR, STM32C011F6P3, STM32C011F6P6, STM32C011F6U3, STM32C011F6U6TR, STM32C011J4M3, STM32C011J4M6, STM32C011J6M3, STM32C011J6M6, STM32C0316-DK, STM32C031C4T3, STM32C031C4T6, STM32C031C4U3, STM32C031C4U6, STM32C031C6T3, STM32C031C6T6, STM32C031C6U3, STM32C031C6U6, STM32C031F4P3, STM32C031F4P6, STM32C031F6P3, STM32C031F6P6, STM32C031G4U3, STM32C031G4U6, STM32C031G6U3, STM32C031G6U6, STM32C031K4T3, STM32C031K4T6, STM32C031K4U3, STM32C031K4U6, STM32C031K6T3, STM32C031K6T6, STM32C031K6U3, STM32C031K6U6, STM32G071K8TXN, STM32G071K8UXN, STM32G081GBU6N, STM32G081KBT6N, STM32G081KBUXN, STM32G0B1CCT6N, STM32G0B1KCT6, STM32G0B1NEY6, STM32G0B1NEY6TR, STM32G0B1RCT6N, STM32G0C1CCT6, STM32G0C1CCT6N, STM32G0C1CCU6N, STM32G0C1CET6N, STM32G0C1CEU6N, STM32G0C1KCT6, STM32G0C1NEY6TR, STM32G0C1RCI6N, STM32G0C1RCT6N, STM32G0C1REI6N, STM32G0C1RET6N, STM32G0C1VCI6, STM32G0C1VEI6, STM32G471CCT6, STM32G471CCU6, STM32G471CET3, STM32G471CET6, STM32G471CEU3, STM32G471CEU6, STM32G471MCT6, STM32G471MET3, STM32G471MET6, STM32G471MEY6TR, STM32G471QCT6, STM32G471QET3, STM32G471RCT6, STM32G471RET3, STM32G471RET6, STM32G471VCH6, STM32G471VCI6, STM32G471VCT6, STM32G471VEH3, STM32G471VEH6, STM32G471VEI3, STM32G471VEI6, STM32G471VET3, STM32G471VET6, STM32G474CCT6, STM32L4R5QGI6STR, STM32U595ZJT6Q, STM32U599BJY6QTR, STM32U599NIH6Q, STM32U599NJH6Q, STM32U5A5ZJT6Q, STM32U5A9BJY6QTR, STM32U5A9NJH6Q]
2022-07-23 18:57:38,332 [INFO] BoardInfo:872 - No configuration file found for board P-NUCLEO-WB55
2022-07-23 18:57:38,333 [INFO] DbBoards:144 - Kit is not supported: P-NUCLEO-WB55
2022-07-23 18:57:38,346 [INFO] BoardInfo:872 - No configuration file found for board STEVAL-ASTRA1B
2022-07-23 18:57:38,346 [INFO] DbBoards:144 - Board is not supported: STEVAL-ASTRA1B
2022-07-23 18:57:38,351 [INFO] BoardInfo:872 - No configuration file found for board STEVAL-BFA001V1B
2022-07-23 18:57:38,353 [INFO] DbBoards:144 - Kit is not supported: STEVAL-BFA001V1B
2022-07-23 18:57:38,356 [INFO] BoardInfo:872 - No configuration file found for board STEVAL-BFA001V2B
2022-07-23 18:57:38,357 [INFO] DbBoards:144 - Kit is not supported: STEVAL-BFA001V2B
2022-07-23 18:57:38,641 [INFO] DbBoards:148 - Found 173 boards, 169 are supported
2022-07-23 18:57:38,649 [INFO] ApiDb:407 - Load user favorites file C:\Users\MY COMPUTER/.stm32cubeide/favorites.boards.txt: 0 item(s)
2022-07-23 18:57:38,649 [INFO] ApiDb:411 - User favorites Boards=[]
2022-07-23 18:57:38,651 [INFO] DbBoards:174 - Set 0 / 0 favorites Boards
2022-07-23 18:57:44,160 [INFO] MultiScanPanel:195 - Auto-refresh data requested => check proxy status ongoing
2022-07-23 18:57:44,829 [INFO] LoadUrlFilesThread:173 - End of LoadServerUrlFiles without Thread
2022-07-23 18:57:44,829 [INFO] DetailPanel:315 - Set advertising image to C:/Users/MY COMPUTER/STM32Cube/Repository/\en.Prom_NBSTM32U50921.jpg
2022-07-23 18:57:44,865 [INFO] DbBoards:259 - Loading board mini-images...
2022-07-23 18:57:45,363 [ERROR] DbBoards:279 - No image file defined for board NUCLEO-C031C6
2022-07-23 18:57:47,022 [ERROR] DbBoards:276 - Image file not found for board P-L496G-CELL01: C:\ST\STM32CubeIDE_1.9.0\STM32CubeIDE\plugins\com.st.stm32cube.common.mx_6.5.0.202202251913\\db\/plugins/mcufinder/images/boards/P-L496G-CELL01.jpg
2022-07-23 18:57:47,084 [ERROR] DbBoards:276 - Image file not found for board STEVAL-ASTRA1B: C:\ST\STM32CubeIDE_1.9.0\STM32CubeIDE\plugins\com.st.stm32cube.common.mx_6.5.0.202202251913\\db\/plugins/mcufinder/images/boards/STEVAL-ASTRA1B_Image.jpg
2022-07-23 18:57:47,216 [ERROR] DbBoards:279 - No image file defined for board STM32091C-EVAL
2022-07-23 18:57:47,216 [ERROR] DbBoards:279 - No image file defined for board STM32100E-EVAL
2022-07-23 18:57:47,216 [ERROR] DbBoards:279 - No image file defined for board STM3210C-EVAL
2022-07-23 18:57:47,236 [ERROR] DbBoards:279 - No image file defined for board STM3221G-EVAL
2022-07-23 18:57:47,237 [ERROR] DbBoards:279 - No image file defined for board STM32303C-EVAL
2022-07-23 18:57:47,401 [ERROR] DbBoards:279 - No image file defined for board STM32479I-EVAL
2022-07-23 18:57:47,401 [ERROR] DbBoards:279 - No image file defined for board STM32746G-EVAL2
2022-07-23 18:57:47,415 [ERROR] DbBoards:279 - No image file defined for board STM32C0116-DK
2022-07-23 18:57:47,416 [ERROR] DbBoards:279 - No image file defined for board STM32C0316-DK
2022-07-23 18:57:47,491 [ERROR] DbBoards:279 - No image file defined for board STM32F401C-DISCO
2022-07-23 18:57:47,616 [ERROR] DbBoards:279 - No image file defined for board STM32F7308-DK
2022-07-23 18:57:47,764 [ERROR] DbBoards:279 - No image file defined for board STM32F779I-EVAL
2022-07-23 18:57:48,189 [ERROR] DbBoards:279 - No image file defined for board STM32H747I-EVAL
2022-07-23 18:57:48,265 [ERROR] DbBoards:279 - No image file defined for board STM32L-DISCOVERY
2022-07-23 18:57:48,345 [ERROR] DbBoards:279 - No image file defined for board STM32L152D-EVAL
2022-07-23 18:57:48,943 [INFO] DbBoards:282 - Loaded 155 board mini-images
2022-07-23 18:57:49,464 [INFO] MultiScanPanel:787 - Auto Refresh Data is not needed
2022-07-23 18:58:53,394 [INFO] McuFinderGlobals:52 - Set McuFinderConnectedMode to true
2022-07-23 18:58:53,397 [INFO] ApiDb:432 - Save user favorites file C:\Users\MY COMPUTER/.stm32cubeide/favorites.mcus.txt: 0 item(s)
2022-07-23 18:58:53,397 [INFO] ApiDb:436 - User favorites MCUs=[]
2022-07-23 18:58:53,405 [INFO] ApiDb:432 - Save user favorites file C:\Users\MY COMPUTER/.stm32cubeide/favorites.boards.txt: 0 item(s)
2022-07-23 18:58:53,406 [INFO] ApiDb:436 - User favorites Boards=[]
2022-07-23 19:24:21,746 [INFO] Activator:177 - 


2022-07-23 19:24:21,753 [INFO] Activator:178 - !SESSION log4j initialized
2022-07-24 03:48:07,643 [INFO] Activator:177 - 


2022-07-24 03:48:07,647 [INFO] Activator:178 - !SESSION log4j initialized
2022-07-24 06:38:43,238 [INFO] Activator:177 - 


2022-07-24 06:38:43,242 [INFO] Activator:178 - !SESSION log4j initialized
2022-07-24 12:48:37,688 [INFO] Activator:177 - 


2022-07-24 12:48:37,692 [INFO] Activator:178 - !SESSION log4j initialized
2022-07-24 15:48:17,260 [INFO] Activator:177 - 


2022-07-24 15:48:17,263 [INFO] Activator:178 - !SESSION log4j initialized
2022-07-24 17:10:21,526 [INFO] Activator:177 - 


2022-07-24 17:10:21,530 [INFO] Activator:178 - !SESSION log4j initialized
2022-07-25 13:33:18,366 [INFO] Activator:177 - 


2022-07-25 13:33:18,370 [INFO] Activator:178 - !SESSION log4j initialized
